<?xml version="1.0" encoding="UTF-8"?>
<testsuite name="RecipesApplicationTest" tests="1" skipped="0" failures="1" errors="0" timestamp="2022-01-30T07:58:11" hostname="MATRESHKI-PC" time="3.243">
  <properties/>
  <testcase name="start" classname="RecipesApplicationTest" time="3.243">
    <failure message="java.lang.AssertionError: Exception in test #1&#10;&#10;Cannot start Spring application&#10;&#10;org.springframework.context.ApplicationContextException: Failed to start bean 'webServerStartStop'; nested exception is org.springframework.boot.web.server.PortInUseException: Port 8881 is already in use&#13;&#10;&#9;at org.springframework.context.support.DefaultLifecycleProcessor.doStart(DefaultLifecycleProcessor.java:185)&#13;&#10;&#9;at org.springframework.context.support.DefaultLifecycleProcessor.access$200(DefaultLifecycleProcessor.java:53)&#13;&#10;&#9;at org.springframework.context.support.DefaultLifecycleProcessor$LifecycleGroup.start(DefaultLifecycleProcessor.java:360)&#13;&#10;&#9;at org.springframework.context.support.DefaultLifecycleProcessor.startBeans(DefaultLifecycleProcessor.java:158)&#13;&#10;&#9;at org.springframework.context.support.DefaultLifecycleProcessor.onRefresh(DefaultLifecycleProcessor.java:122)&#13;&#10;&#9;at org.springframework.context.support.AbstractApplicationContext.finishRefresh(AbstractApplicationContext.java:895)&#13;&#10;&#9;at org.springframework.context.support.AbstractApplicationContext.refresh(AbstractApplicationContext.java:554)&#13;&#10;&#9;at org.springframework.boot.web.servlet.context.ServletWebServerApplicationContext.refresh(ServletWebServerApplicationContext.java:143)&#13;&#10;&#9;at org.springframework.boot.SpringApplication.refresh(SpringApplication.java:758)&#13;&#10;&#9;at org.springframework.boot.SpringApplication.refresh(SpringApplication.java:750)&#13;&#10;&#9;at org.springframework.boot.SpringApplication.refreshContext(SpringApplication.java:397)&#13;&#10;&#9;at org.springframework.boot.SpringApplication.run(SpringApplication.java:315)&#13;&#10;&#9;at org.springframework.boot.SpringApplication.run(SpringApplication.java:1237)&#13;&#10;&#9;at org.springframework.boot.SpringApplication.run(SpringApplication.java:1226)&#13;&#10;&#9;at recipes.RecipesApplication.main(RecipesApplication.java:9)&#10;&#10;Please find below the output of your program during this failed test.&#10;&#10;---&#10;&#10;.   ____          _            __ _ _&#10; /\\ / ___'_ __ _ _(_)_ __  __ _ \ \ \ \&#10;( ( )\___ | '_ | '_| | '_ \/ _` | \ \ \ \&#10; \\/  ___)| |_)| | | | | || (_| |  ) ) ) )&#10;  '  |____| .__|_| |_|_| |_\__, | / / / /&#10; =========|_|==============|___/=/_/_/_/&#10; :: Spring Boot ::        (v2.3.1.RELEASE)&#10;&#10;2022-01-30 14:58:12.192  INFO 36768 --- [    Test worker] recipes.RecipesApplication               : Starting RecipesApplication on matreshki-pc with PID 36768 (started by Professional in C:\Recipes\Recipes\task)&#10;2022-01-30 14:58:12.195  INFO 36768 --- [    Test worker] recipes.RecipesApplication               : No active profile set, falling back to default profiles: default&#10;2022-01-30 14:58:12.971  INFO 36768 --- [    Test worker] .s.d.r.c.RepositoryConfigurationDelegate : Bootstrapping Spring Data JPA repositories in DEFERRED mode.&#10;2022-01-30 14:58:13.015  INFO 36768 --- [    Test worker] .s.d.r.c.RepositoryConfigurationDelegate : Finished Spring Data repository scanning in 38ms. Found 2 JPA repository interfaces.&#10;2022-01-30 14:58:13.493  INFO 36768 --- [    Test worker] o.s.b.w.embedded.tomcat.TomcatWebServer  : Tomcat initialized with port(s): 8881 (http)&#10;2022-01-30 14:58:13.502  INFO 36768 --- [    Test worker] o.apache.catalina.core.StandardService   : Starting service [Tomcat]&#10;2022-01-30 14:58:13.502  INFO 36768 --- [    Test worker] org.apache.catalina.core.StandardEngine  : Starting Servlet engine: [Apache Tomcat/9.0.36]&#10;2022-01-30 14:58:13.598  INFO 36768 --- [    Test worker] o.a.c.c.C.[Tomcat].[localhost].[/]       : Initializing Spring embedded WebApplicationContext&#10;2022-01-30 14:58:13.598  INFO 36768 --- [    Test worker] w.s.c.ServletWebServerApplicationContext : Root WebApplicationContext: initialization completed in 1370 ms&#10;2022-01-30 14:58:13.700  INFO 36768 --- [    Test worker] com.zaxxer.hikari.HikariDataSource       : HikariPool-1 - Starting...&#10;2022-01-30 14:58:13.851  INFO 36768 --- [    Test worker] com.zaxxer.hikari.HikariDataSource       : HikariPool-1 - Start completed.&#10;2022-01-30 14:58:13.856  INFO 36768 --- [    Test worker] o.s.b.a.h2.H2ConsoleAutoConfiguration    : H2 console available at '/h2'. Database available at 'jdbc:h2:file:../recipes_db'&#10;2022-01-30 14:58:13.964  INFO 36768 --- [    Test worker] o.s.s.concurrent.ThreadPoolTaskExecutor  : Initializing ExecutorService 'applicationTaskExecutor'&#10;2022-01-30 14:58:13.998  INFO 36768 --- [         task-1] o.hibernate.jpa.internal.util.LogHelper  : HHH000204: Processing PersistenceUnitInfo [name: default]&#10;2022-01-30 14:58:14.032  WARN 36768 --- [    Test worker] JpaBaseConfiguration$JpaWebConfiguration : spring.jpa.open-in-view is enabled by default. Therefore, database queries may be performed during view rendering. Explicitly configure spring.jpa.open-in-view to disable this warning&#10;2022-01-30 14:58:14.046  INFO 36768 --- [         task-1] org.hibernate.Version                    : HHH000412: Hibernate ORM core version 5.4.17.Final&#10;2022-01-30 14:58:14.184  INFO 36768 --- [         task-1] o.hibernate.annotations.common.Version   : HCANN000001: Hibernate Commons Annotations {5.1.0.Final}&#10;2022-01-30 14:58:14.279  INFO 36768 --- [         task-1] org.hibernate.dialect.Dialect            : HHH000400: Using dialect: org.hibernate.dialect.H2Dialect&#10;2022-01-30 14:58:14.400  INFO 36768 --- [    Test worker] o.s.b.a.e.web.EndpointLinksResolver      : Exposing 14 endpoint(s) beneath base path '/actuator'&#10;2022-01-30 14:58:14.436  INFO 36768 --- [    Test worker] o.s.s.web.DefaultSecurityFilterChain     : Creating filter chain: any request, [org.springframework.security.web.context.request.async.WebAsyncManagerIntegrationFilter@48af5f38, org.springframework.security.web.context.SecurityContextPersistenceFilter@a047bdb, org.springframework.security.web.header.HeaderWriterFilter@19647566, org.springframework.security.web.authentication.logout.LogoutFilter@3cf8a235, org.springframework.security.web.savedrequest.RequestCacheAwareFilter@7856f41a, org.springframework.security.web.servletapi.SecurityContextHolderAwareRequestFilter@1b8d20e6, org.springframework.security.web.authentication.AnonymousAuthenticationFilter@40538370, org.springframework.security.web.session.SessionManagementFilter@71b3ba5a, org.springframework.security.web.access.ExceptionTranslationFilter@2e40fdbd, org.springframework.security.web.access.intercept.FilterSecurityInterceptor@22cd8ec2]&#10;2022-01-30 14:58:14.444  INFO 36768 --- [         task-1] o.hibernate.id.enhanced.TableGenerator   : HHH000398: Explicit segment value for id generator [hibernate_sequences.sequence_name] suggested; using default [default]&#10;2022-01-30 14:58:14.449  INFO 36768 --- [         task-1] o.hibernate.id.enhanced.TableGenerator   : HHH000398: Explicit segment value for id generator [hibernate_sequences.sequence_name] suggested; using default [default]&#10;Hibernate: create table hibernate_sequences (sequence_name varchar(255) not null, next_val bigint, primary key (sequence_name))&#10;Hibernate: insert into hibernate_sequences(sequence_name, next_val) values ('default',0)&#10;Hibernate: insert into hibernate_sequences(sequence_name, next_val) values ('default',0)&#10;2022-01-30 14:58:14.902  WARN 36768 --- [         task-1] o.h.t.s.i.ExceptionHandlerLoggedImpl     : GenerationTarget encountered exception accepting command : Error executing DDL &quot;insert into hibernate_sequences(sequence_name, next_val) values ('default',0)&quot; via JDBC Statement&#10;&#10;org.hibernate.tool.schema.spi.CommandAcceptanceException: Error executing DDL &quot;insert into hibernate_sequences(sequence_name, next_val) values ('default',0)&quot; via JDBC Statement&#10;&#9;at org.hibernate.tool.schema.internal.exec.GenerationTargetToDatabase.accept(GenerationTargetToDatabase.java:67) ~[hibernate-core-5.4.17.Final.jar:5.4.17.Final]&#10;&#9;at org.hibernate.tool.schema.internal.AbstractSchemaMigrator.applySqlString(AbstractSchemaMigrator.java:559) ~[hibernate-core-5.4.17.Final.jar:5.4.17.Final]&#10;&#9;at org.hibernate.tool.schema.internal.AbstractSchemaMigrator.applySqlStrings(AbstractSchemaMigrator.java:504) ~[hibernate-core-5.4.17.Final.jar:5.4.17.Final]&#10;&#9;at org.hibernate.tool.schema.internal.AbstractSchemaMigrator.createTable(AbstractSchemaMigrator.java:277) ~[hibernate-core-5.4.17.Final.jar:5.4.17.Final]&#10;&#9;at org.hibernate.tool.schema.internal.GroupedSchemaMigratorImpl.performTablesMigration(GroupedSchemaMigratorImpl.java:71) ~[hibernate-core-5.4.17.Final.jar:5.4.17.Final]&#10;&#9;at org.hibernate.tool.schema.internal.AbstractSchemaMigrator.performMigration(AbstractSchemaMigrator.java:207) ~[hibernate-core-5.4.17.Final.jar:5.4.17.Final]&#10;&#9;at org.hibernate.tool.schema.internal.AbstractSchemaMigrator.doMigration(AbstractSchemaMigrator.java:114) ~[hibernate-core-5.4.17.Final.jar:5.4.17.Final]&#10;&#9;at org.hibernate.tool.schema.spi.SchemaManagementToolCoordinator.performDatabaseAction(SchemaManagementToolCoordinator.java:184) ~[hibernate-core-5.4.17.Final.jar:5.4.17.Final]&#10;&#9;at org.hibernate.tool.schema.spi.SchemaManagementToolCoordinator.process(SchemaManagementToolCoordinator.java:73) ~[hibernate-core-5.4.17.Final.jar:5.4.17.Final]&#10;&#9;at org.hibernate.internal.SessionFactoryImpl.&lt;init&gt;(SessionFactoryImpl.java:316) ~[hibernate-core-5.4.17.Final.jar:5.4.17.Final]&#10;&#9;at org.hibernate.boot.internal.SessionFactoryBuilderImpl.build(SessionFactoryBuilderImpl.java:469) ~[hibernate-core-5.4.17.Final.jar:5.4.17.Final]&#10;&#9;at org.hibernate.jpa.boot.internal.EntityManagerFactoryBuilderImpl.build(EntityManagerFactoryBuilderImpl.java:1259) ~[hibernate-core-5.4.17.Final.jar:5.4.17.Final]&#10;&#9;at org.springframework.orm.jpa.vendor.SpringHibernateJpaPersistenceProvider.createContainerEntityManagerFactory(SpringHibernateJpaPersistenceProvider.java:58) ~[spring-orm-5.2.7.RELEASE.jar:5.2.7.RELEASE]&#10;&#9;at org.springframework.orm.jpa.LocalContainerEntityManagerFactoryBean.createNativeEntityManagerFactory(LocalContainerEntityManagerFactoryBean.java:365) ~[spring-orm-5.2.7.RELEASE.jar:5.2.7.RELEASE]&#10;&#9;at org.springframework.orm.jpa.AbstractEntityManagerFactoryBean.buildNativeEntityManagerFactory(AbstractEntityManagerFactoryBean.java:391) ~[spring-orm-5.2.7.RELEASE.jar:5.2.7.RELEASE]&#10;&#9;at java.base/java.util.concurrent.FutureTask.run(FutureTask.java:264) ~[na:na]&#10;&#9;at java.base/java.util.concurrent.ThreadPoolExecutor.runWorker(ThreadPoolExecutor.java:1136) ~[na:na]&#10;&#9;at java.base/java.util.concurrent.ThreadPoolExecutor$Worker.run(ThreadPoolExecutor.java:635) ~[na:na]&#10;&#9;at java.base/java.lang.Thread.run(Thread.java:833) ~[na:na]&#10;Caused by: org.h2.jdbc.JdbcSQLIntegrityConstraintViolationException: Unique index or primary key violation: &quot;PUBLIC.PRIMARY_KEY_5 ON PUBLIC.HIBERNATE_SEQUENCES(SEQUENCE_NAME) VALUES 1&quot;; SQL statement:&#10;insert into hibernate_sequences(sequence_name, next_val) values ('default',0) [23505-200]&#10;&#9;at org.h2.message.DbException.getJdbcSQLException(DbException.java:459) ~[h2-1.4.200.jar:1.4.200]&#10;&#9;at org.h2.message.DbException.getJdbcSQLException(DbException.java:429) ~[h2-1.4.200.jar:1.4.200]&#10;&#9;at org.h2.message.DbException.get(DbException.java:205) ~[h2-1.4.200.jar:1.4.200]&#10;&#9;at org.h2.message.DbException.get(DbException.java:181) ~[h2-1.4.200.jar:1.4.200]&#10;&#9;at org.h2.index.BaseIndex.getDuplicateKeyException(BaseIndex.java:103) ~[h2-1.4.200.jar:1.4.200]&#10;&#9;at org.h2.mvstore.db.MVSecondaryIndex.checkUnique(MVSecondaryIndex.java:221) ~[h2-1.4.200.jar:1.4.200]&#10;&#9;at org.h2.mvstore.db.MVSecondaryIndex.add(MVSecondaryIndex.java:196) ~[h2-1.4.200.jar:1.4.200]&#10;&#9;at org.h2.mvstore.db.MVTable.addRow(MVTable.java:531) ~[h2-1.4.200.jar:1.4.200]&#10;&#9;at org.h2.command.dml.Insert.insertRows(Insert.java:195) ~[h2-1.4.200.jar:1.4.200]&#10;&#9;at org.h2.command.dml.Insert.update(Insert.java:151) ~[h2-1.4.200.jar:1.4.200]&#10;&#9;at org.h2.command.CommandContainer.update(CommandContainer.java:198) ~[h2-1.4.200.jar:1.4.200]&#10;&#9;at org.h2.command.Command.executeUpdate(Command.java:251) ~[h2-1.4.200.jar:1.4.200]&#10;&#9;at org.h2.jdbc.JdbcStatement.executeInternal(JdbcStatement.java:228) ~[h2-1.4.200.jar:1.4.200]&#10;&#9;at org.h2.jdbc.JdbcStatement.execute(JdbcStatement.java:201) ~[h2-1.4.200.jar:1.4.200]&#10;&#9;at com.zaxxer.hikari.pool.ProxyStatement.execute(ProxyStatement.java:95) ~[HikariCP-3.4.5.jar:na]&#10;&#9;at com.zaxxer.hikari.pool.HikariProxyStatement.execute(HikariProxyStatement.java) ~[HikariCP-3.4.5.jar:na]&#10;&#9;at org.hibernate.tool.schema.internal.exec.GenerationTargetToDatabase.accept(GenerationTargetToDatabase.java:54) ~[hibernate-core-5.4.17.Final.jar:5.4.17.Final]&#10;&#9;... 18 common frames omitted&#10;&#10;Hibernate: create table recipes (id bigint not null, category varchar(255), date timestamp, description varchar(255), name varchar(255), primary key (id))&#10;Hibernate: create table recipes_directions (recipes_id bigint not null, directions varchar(255))&#10;Hibernate: create table recipes_ingredients (recipes_id bigint not null, ingredients varchar(255))&#10;Hibernate: create table users (id bigint not null, email varchar(255), password varchar(255), primary key (id))&#10;Hibernate: alter table recipes_directions add constraint FKa2vnsdcd8l9shvhstelbkcawl foreign key (recipes_id) references recipes&#10;Hibernate: alter table recipes_ingredients add constraint FK7nlvtcyl7qjws7gh3h6xbruwi foreign key (recipes_id) references recipes&#10;2022-01-30 14:58:14.911  INFO 36768 --- [         task-1] o.h.e.t.j.p.i.JtaPlatformInitiator       : HHH000490: Using JtaPlatform implementation: [org.hibernate.engine.transaction.jta.platform.internal.NoJtaPlatform]&#10;2022-01-30 14:58:14.918  INFO 36768 --- [         task-1] j.LocalContainerEntityManagerFactoryBean : Initialized JPA EntityManagerFactory for persistence unit 'default'&#10;2022-01-30 14:58:14.975  WARN 36768 --- [    Test worker] ConfigServletWebServerApplicationContext : Exception encountered during context initialization - cancelling refresh attempt: org.springframework.context.ApplicationContextException: Failed to start bean 'webServerStartStop'; nested exception is org.springframework.boot.web.server.PortInUseException: Port 8881 is already in use&#10;2022-01-30 14:58:14.976  WARN 36768 --- [    Test worker] o.s.b.f.support.DisposableBeanAdapter    : Invocation of destroy method failed on bean with name 'tomcatMetricsBinder': java.lang.NullPointerException: Cannot invoke &quot;io.micrometer.core.instrument.binder.tomcat.TomcatMetrics.close()&quot; because &quot;this.tomcatMetrics&quot; is null&#10;2022-01-30 14:58:14.977  INFO 36768 --- [    Test worker] j.LocalContainerEntityManagerFactoryBean : Closing JPA EntityManagerFactory for persistence unit 'default'&#10;2022-01-30 14:58:14.979  INFO 36768 --- [    Test worker] o.s.s.concurrent.ThreadPoolTaskExecutor  : Shutting down ExecutorService 'applicationTaskExecutor'&#10;2022-01-30 14:58:14.980  INFO 36768 --- [    Test worker] com.zaxxer.hikari.HikariDataSource       : HikariPool-1 - Shutdown initiated...&#10;2022-01-30 14:58:14.992  INFO 36768 --- [    Test worker] com.zaxxer.hikari.HikariDataSource       : HikariPool-1 - Shutdown completed.&#10;2022-01-30 14:58:14.994  INFO 36768 --- [    Test worker] o.apache.catalina.core.StandardService   : Stopping service [Tomcat]&#10;2022-01-30 14:58:15.009  INFO 36768 --- [    Test worker] ConditionEvaluationReportLoggingListener : &#10;&#10;Error starting ApplicationContext. To display the conditions report re-run your application with 'debug' enabled.&#10;2022-01-30 14:58:15.011 ERROR 36768 --- [    Test worker] o.s.b.d.LoggingFailureAnalysisReporter   : &#10;&#10;***************************&#10;APPLICATION FAILED TO START&#10;***************************&#10;&#10;Description:&#10;&#10;Web server failed to start. Port 8881 was already in use.&#10;&#10;Action:&#10;&#10;Identify and stop the process that's listening on port 8881 or configure this application to listen on another port." type="java.lang.AssertionError">java.lang.AssertionError: Exception in test #1

Cannot start Spring application

org.springframework.context.ApplicationContextException: Failed to start bean 'webServerStartStop'; nested exception is org.springframework.boot.web.server.PortInUseException: Port 8881 is already in use
	at org.springframework.context.support.DefaultLifecycleProcessor.doStart(DefaultLifecycleProcessor.java:185)
	at org.springframework.context.support.DefaultLifecycleProcessor.access$200(DefaultLifecycleProcessor.java:53)
	at org.springframework.context.support.DefaultLifecycleProcessor$LifecycleGroup.start(DefaultLifecycleProcessor.java:360)
	at org.springframework.context.support.DefaultLifecycleProcessor.startBeans(DefaultLifecycleProcessor.java:158)
	at org.springframework.context.support.DefaultLifecycleProcessor.onRefresh(DefaultLifecycleProcessor.java:122)
	at org.springframework.context.support.AbstractApplicationContext.finishRefresh(AbstractApplicationContext.java:895)
	at org.springframework.context.support.AbstractApplicationContext.refresh(AbstractApplicationContext.java:554)
	at org.springframework.boot.web.servlet.context.ServletWebServerApplicationContext.refresh(ServletWebServerApplicationContext.java:143)
	at org.springframework.boot.SpringApplication.refresh(SpringApplication.java:758)
	at org.springframework.boot.SpringApplication.refresh(SpringApplication.java:750)
	at org.springframework.boot.SpringApplication.refreshContext(SpringApplication.java:397)
	at org.springframework.boot.SpringApplication.run(SpringApplication.java:315)
	at org.springframework.boot.SpringApplication.run(SpringApplication.java:1237)
	at org.springframework.boot.SpringApplication.run(SpringApplication.java:1226)
	at recipes.RecipesApplication.main(RecipesApplication.java:9)

Please find below the output of your program during this failed test.

---

.   ____          _            __ _ _
 /\\ / ___'_ __ _ _(_)_ __  __ _ \ \ \ \
( ( )\___ | '_ | '_| | '_ \/ _` | \ \ \ \
 \\/  ___)| |_)| | | | | || (_| |  ) ) ) )
  '  |____| .__|_| |_|_| |_\__, | / / / /
 =========|_|==============|___/=/_/_/_/
 :: Spring Boot ::        (v2.3.1.RELEASE)

2022-01-30 14:58:12.192  INFO 36768 --- [    Test worker] recipes.RecipesApplication               : Starting RecipesApplication on matreshki-pc with PID 36768 (started by Professional in C:\Recipes\Recipes\task)
2022-01-30 14:58:12.195  INFO 36768 --- [    Test worker] recipes.RecipesApplication               : No active profile set, falling back to default profiles: default
2022-01-30 14:58:12.971  INFO 36768 --- [    Test worker] .s.d.r.c.RepositoryConfigurationDelegate : Bootstrapping Spring Data JPA repositories in DEFERRED mode.
2022-01-30 14:58:13.015  INFO 36768 --- [    Test worker] .s.d.r.c.RepositoryConfigurationDelegate : Finished Spring Data repository scanning in 38ms. Found 2 JPA repository interfaces.
2022-01-30 14:58:13.493  INFO 36768 --- [    Test worker] o.s.b.w.embedded.tomcat.TomcatWebServer  : Tomcat initialized with port(s): 8881 (http)
2022-01-30 14:58:13.502  INFO 36768 --- [    Test worker] o.apache.catalina.core.StandardService   : Starting service [Tomcat]
2022-01-30 14:58:13.502  INFO 36768 --- [    Test worker] org.apache.catalina.core.StandardEngine  : Starting Servlet engine: [Apache Tomcat/9.0.36]
2022-01-30 14:58:13.598  INFO 36768 --- [    Test worker] o.a.c.c.C.[Tomcat].[localhost].[/]       : Initializing Spring embedded WebApplicationContext
2022-01-30 14:58:13.598  INFO 36768 --- [    Test worker] w.s.c.ServletWebServerApplicationContext : Root WebApplicationContext: initialization completed in 1370 ms
2022-01-30 14:58:13.700  INFO 36768 --- [    Test worker] com.zaxxer.hikari.HikariDataSource       : HikariPool-1 - Starting...
2022-01-30 14:58:13.851  INFO 36768 --- [    Test worker] com.zaxxer.hikari.HikariDataSource       : HikariPool-1 - Start completed.
2022-01-30 14:58:13.856  INFO 36768 --- [    Test worker] o.s.b.a.h2.H2ConsoleAutoConfiguration    : H2 console available at '/h2'. Database available at 'jdbc:h2:file:../recipes_db'
2022-01-30 14:58:13.964  INFO 36768 --- [    Test worker] o.s.s.concurrent.ThreadPoolTaskExecutor  : Initializing ExecutorService 'applicationTaskExecutor'
2022-01-30 14:58:13.998  INFO 36768 --- [         task-1] o.hibernate.jpa.internal.util.LogHelper  : HHH000204: Processing PersistenceUnitInfo [name: default]
2022-01-30 14:58:14.032  WARN 36768 --- [    Test worker] JpaBaseConfiguration$JpaWebConfiguration : spring.jpa.open-in-view is enabled by default. Therefore, database queries may be performed during view rendering. Explicitly configure spring.jpa.open-in-view to disable this warning
2022-01-30 14:58:14.046  INFO 36768 --- [         task-1] org.hibernate.Version                    : HHH000412: Hibernate ORM core version 5.4.17.Final
2022-01-30 14:58:14.184  INFO 36768 --- [         task-1] o.hibernate.annotations.common.Version   : HCANN000001: Hibernate Commons Annotations {5.1.0.Final}
2022-01-30 14:58:14.279  INFO 36768 --- [         task-1] org.hibernate.dialect.Dialect            : HHH000400: Using dialect: org.hibernate.dialect.H2Dialect
2022-01-30 14:58:14.400  INFO 36768 --- [    Test worker] o.s.b.a.e.web.EndpointLinksResolver      : Exposing 14 endpoint(s) beneath base path '/actuator'
2022-01-30 14:58:14.436  INFO 36768 --- [    Test worker] o.s.s.web.DefaultSecurityFilterChain     : Creating filter chain: any request, [org.springframework.security.web.context.request.async.WebAsyncManagerIntegrationFilter@48af5f38, org.springframework.security.web.context.SecurityContextPersistenceFilter@a047bdb, org.springframework.security.web.header.HeaderWriterFilter@19647566, org.springframework.security.web.authentication.logout.LogoutFilter@3cf8a235, org.springframework.security.web.savedrequest.RequestCacheAwareFilter@7856f41a, org.springframework.security.web.servletapi.SecurityContextHolderAwareRequestFilter@1b8d20e6, org.springframework.security.web.authentication.AnonymousAuthenticationFilter@40538370, org.springframework.security.web.session.SessionManagementFilter@71b3ba5a, org.springframework.security.web.access.ExceptionTranslationFilter@2e40fdbd, org.springframework.security.web.access.intercept.FilterSecurityInterceptor@22cd8ec2]
2022-01-30 14:58:14.444  INFO 36768 --- [         task-1] o.hibernate.id.enhanced.TableGenerator   : HHH000398: Explicit segment value for id generator [hibernate_sequences.sequence_name] suggested; using default [default]
2022-01-30 14:58:14.449  INFO 36768 --- [         task-1] o.hibernate.id.enhanced.TableGenerator   : HHH000398: Explicit segment value for id generator [hibernate_sequences.sequence_name] suggested; using default [default]
Hibernate: create table hibernate_sequences (sequence_name varchar(255) not null, next_val bigint, primary key (sequence_name))
Hibernate: insert into hibernate_sequences(sequence_name, next_val) values ('default',0)
Hibernate: insert into hibernate_sequences(sequence_name, next_val) values ('default',0)
2022-01-30 14:58:14.902  WARN 36768 --- [         task-1] o.h.t.s.i.ExceptionHandlerLoggedImpl     : GenerationTarget encountered exception accepting command : Error executing DDL &quot;insert into hibernate_sequences(sequence_name, next_val) values ('default',0)&quot; via JDBC Statement

org.hibernate.tool.schema.spi.CommandAcceptanceException: Error executing DDL &quot;insert into hibernate_sequences(sequence_name, next_val) values ('default',0)&quot; via JDBC Statement
	at org.hibernate.tool.schema.internal.exec.GenerationTargetToDatabase.accept(GenerationTargetToDatabase.java:67) ~[hibernate-core-5.4.17.Final.jar:5.4.17.Final]
	at org.hibernate.tool.schema.internal.AbstractSchemaMigrator.applySqlString(AbstractSchemaMigrator.java:559) ~[hibernate-core-5.4.17.Final.jar:5.4.17.Final]
	at org.hibernate.tool.schema.internal.AbstractSchemaMigrator.applySqlStrings(AbstractSchemaMigrator.java:504) ~[hibernate-core-5.4.17.Final.jar:5.4.17.Final]
	at org.hibernate.tool.schema.internal.AbstractSchemaMigrator.createTable(AbstractSchemaMigrator.java:277) ~[hibernate-core-5.4.17.Final.jar:5.4.17.Final]
	at org.hibernate.tool.schema.internal.GroupedSchemaMigratorImpl.performTablesMigration(GroupedSchemaMigratorImpl.java:71) ~[hibernate-core-5.4.17.Final.jar:5.4.17.Final]
	at org.hibernate.tool.schema.internal.AbstractSchemaMigrator.performMigration(AbstractSchemaMigrator.java:207) ~[hibernate-core-5.4.17.Final.jar:5.4.17.Final]
	at org.hibernate.tool.schema.internal.AbstractSchemaMigrator.doMigration(AbstractSchemaMigrator.java:114) ~[hibernate-core-5.4.17.Final.jar:5.4.17.Final]
	at org.hibernate.tool.schema.spi.SchemaManagementToolCoordinator.performDatabaseAction(SchemaManagementToolCoordinator.java:184) ~[hibernate-core-5.4.17.Final.jar:5.4.17.Final]
	at org.hibernate.tool.schema.spi.SchemaManagementToolCoordinator.process(SchemaManagementToolCoordinator.java:73) ~[hibernate-core-5.4.17.Final.jar:5.4.17.Final]
	at org.hibernate.internal.SessionFactoryImpl.&lt;init&gt;(SessionFactoryImpl.java:316) ~[hibernate-core-5.4.17.Final.jar:5.4.17.Final]
	at org.hibernate.boot.internal.SessionFactoryBuilderImpl.build(SessionFactoryBuilderImpl.java:469) ~[hibernate-core-5.4.17.Final.jar:5.4.17.Final]
	at org.hibernate.jpa.boot.internal.EntityManagerFactoryBuilderImpl.build(EntityManagerFactoryBuilderImpl.java:1259) ~[hibernate-core-5.4.17.Final.jar:5.4.17.Final]
	at org.springframework.orm.jpa.vendor.SpringHibernateJpaPersistenceProvider.createContainerEntityManagerFactory(SpringHibernateJpaPersistenceProvider.java:58) ~[spring-orm-5.2.7.RELEASE.jar:5.2.7.RELEASE]
	at org.springframework.orm.jpa.LocalContainerEntityManagerFactoryBean.createNativeEntityManagerFactory(LocalContainerEntityManagerFactoryBean.java:365) ~[spring-orm-5.2.7.RELEASE.jar:5.2.7.RELEASE]
	at org.springframework.orm.jpa.AbstractEntityManagerFactoryBean.buildNativeEntityManagerFactory(AbstractEntityManagerFactoryBean.java:391) ~[spring-orm-5.2.7.RELEASE.jar:5.2.7.RELEASE]
	at java.base/java.util.concurrent.FutureTask.run(FutureTask.java:264) ~[na:na]
	at java.base/java.util.concurrent.ThreadPoolExecutor.runWorker(ThreadPoolExecutor.java:1136) ~[na:na]
	at java.base/java.util.concurrent.ThreadPoolExecutor$Worker.run(ThreadPoolExecutor.java:635) ~[na:na]
	at java.base/java.lang.Thread.run(Thread.java:833) ~[na:na]
Caused by: org.h2.jdbc.JdbcSQLIntegrityConstraintViolationException: Unique index or primary key violation: &quot;PUBLIC.PRIMARY_KEY_5 ON PUBLIC.HIBERNATE_SEQUENCES(SEQUENCE_NAME) VALUES 1&quot;; SQL statement:
insert into hibernate_sequences(sequence_name, next_val) values ('default',0) [23505-200]
	at org.h2.message.DbException.getJdbcSQLException(DbException.java:459) ~[h2-1.4.200.jar:1.4.200]
	at org.h2.message.DbException.getJdbcSQLException(DbException.java:429) ~[h2-1.4.200.jar:1.4.200]
	at org.h2.message.DbException.get(DbException.java:205) ~[h2-1.4.200.jar:1.4.200]
	at org.h2.message.DbException.get(DbException.java:181) ~[h2-1.4.200.jar:1.4.200]
	at org.h2.index.BaseIndex.getDuplicateKeyException(BaseIndex.java:103) ~[h2-1.4.200.jar:1.4.200]
	at org.h2.mvstore.db.MVSecondaryIndex.checkUnique(MVSecondaryIndex.java:221) ~[h2-1.4.200.jar:1.4.200]
	at org.h2.mvstore.db.MVSecondaryIndex.add(MVSecondaryIndex.java:196) ~[h2-1.4.200.jar:1.4.200]
	at org.h2.mvstore.db.MVTable.addRow(MVTable.java:531) ~[h2-1.4.200.jar:1.4.200]
	at org.h2.command.dml.Insert.insertRows(Insert.java:195) ~[h2-1.4.200.jar:1.4.200]
	at org.h2.command.dml.Insert.update(Insert.java:151) ~[h2-1.4.200.jar:1.4.200]
	at org.h2.command.CommandContainer.update(CommandContainer.java:198) ~[h2-1.4.200.jar:1.4.200]
	at org.h2.command.Command.executeUpdate(Command.java:251) ~[h2-1.4.200.jar:1.4.200]
	at org.h2.jdbc.JdbcStatement.executeInternal(JdbcStatement.java:228) ~[h2-1.4.200.jar:1.4.200]
	at org.h2.jdbc.JdbcStatement.execute(JdbcStatement.java:201) ~[h2-1.4.200.jar:1.4.200]
	at com.zaxxer.hikari.pool.ProxyStatement.execute(ProxyStatement.java:95) ~[HikariCP-3.4.5.jar:na]
	at com.zaxxer.hikari.pool.HikariProxyStatement.execute(HikariProxyStatement.java) ~[HikariCP-3.4.5.jar:na]
	at org.hibernate.tool.schema.internal.exec.GenerationTargetToDatabase.accept(GenerationTargetToDatabase.java:54) ~[hibernate-core-5.4.17.Final.jar:5.4.17.Final]
	... 18 common frames omitted

Hibernate: create table recipes (id bigint not null, category varchar(255), date timestamp, description varchar(255), name varchar(255), primary key (id))
Hibernate: create table recipes_directions (recipes_id bigint not null, directions varchar(255))
Hibernate: create table recipes_ingredients (recipes_id bigint not null, ingredients varchar(255))
Hibernate: create table users (id bigint not null, email varchar(255), password varchar(255), primary key (id))
Hibernate: alter table recipes_directions add constraint FKa2vnsdcd8l9shvhstelbkcawl foreign key (recipes_id) references recipes
Hibernate: alter table recipes_ingredients add constraint FK7nlvtcyl7qjws7gh3h6xbruwi foreign key (recipes_id) references recipes
2022-01-30 14:58:14.911  INFO 36768 --- [         task-1] o.h.e.t.j.p.i.JtaPlatformInitiator       : HHH000490: Using JtaPlatform implementation: [org.hibernate.engine.transaction.jta.platform.internal.NoJtaPlatform]
2022-01-30 14:58:14.918  INFO 36768 --- [         task-1] j.LocalContainerEntityManagerFactoryBean : Initialized JPA EntityManagerFactory for persistence unit 'default'
2022-01-30 14:58:14.975  WARN 36768 --- [    Test worker] ConfigServletWebServerApplicationContext : Exception encountered during context initialization - cancelling refresh attempt: org.springframework.context.ApplicationContextException: Failed to start bean 'webServerStartStop'; nested exception is org.springframework.boot.web.server.PortInUseException: Port 8881 is already in use
2022-01-30 14:58:14.976  WARN 36768 --- [    Test worker] o.s.b.f.support.DisposableBeanAdapter    : Invocation of destroy method failed on bean with name 'tomcatMetricsBinder': java.lang.NullPointerException: Cannot invoke &quot;io.micrometer.core.instrument.binder.tomcat.TomcatMetrics.close()&quot; because &quot;this.tomcatMetrics&quot; is null
2022-01-30 14:58:14.977  INFO 36768 --- [    Test worker] j.LocalContainerEntityManagerFactoryBean : Closing JPA EntityManagerFactory for persistence unit 'default'
2022-01-30 14:58:14.979  INFO 36768 --- [    Test worker] o.s.s.concurrent.ThreadPoolTaskExecutor  : Shutting down ExecutorService 'applicationTaskExecutor'
2022-01-30 14:58:14.980  INFO 36768 --- [    Test worker] com.zaxxer.hikari.HikariDataSource       : HikariPool-1 - Shutdown initiated...
2022-01-30 14:58:14.992  INFO 36768 --- [    Test worker] com.zaxxer.hikari.HikariDataSource       : HikariPool-1 - Shutdown completed.
2022-01-30 14:58:14.994  INFO 36768 --- [    Test worker] o.apache.catalina.core.StandardService   : Stopping service [Tomcat]
2022-01-30 14:58:15.009  INFO 36768 --- [    Test worker] ConditionEvaluationReportLoggingListener : 

Error starting ApplicationContext. To display the conditions report re-run your application with 'debug' enabled.
2022-01-30 14:58:15.011 ERROR 36768 --- [    Test worker] o.s.b.d.LoggingFailureAnalysisReporter   : 

***************************
APPLICATION FAILED TO START
***************************

Description:

Web server failed to start. Port 8881 was already in use.

Action:

Identify and stop the process that's listening on port 8881 or configure this application to listen on another port.
	at org.junit.Assert.fail(Assert.java:89)
	at org.hyperskill.hstest.stage.StageTest.start(StageTest.java:155)
	at java.base/jdk.internal.reflect.NativeMethodAccessorImpl.invoke0(Native Method)
	at java.base/jdk.internal.reflect.NativeMethodAccessorImpl.invoke(NativeMethodAccessorImpl.java:77)
	at java.base/jdk.internal.reflect.DelegatingMethodAccessorImpl.invoke(DelegatingMethodAccessorImpl.java:43)
	at java.base/java.lang.reflect.Method.invoke(Method.java:568)
	at org.junit.runners.model.FrameworkMethod$1.runReflectiveCall(FrameworkMethod.java:59)
	at org.junit.internal.runners.model.ReflectiveCallable.run(ReflectiveCallable.java:12)
	at org.junit.runners.model.FrameworkMethod.invokeExplosively(FrameworkMethod.java:56)
	at org.junit.internal.runners.statements.InvokeMethod.evaluate(InvokeMethod.java:17)
	at org.junit.internal.runners.statements.RunAfters.evaluate(RunAfters.java:27)
	at org.junit.runners.ParentRunner$3.evaluate(ParentRunner.java:306)
	at org.junit.runners.BlockJUnit4ClassRunner$1.evaluate(BlockJUnit4ClassRunner.java:100)
	at org.junit.runners.ParentRunner.runLeaf(ParentRunner.java:366)
	at org.junit.runners.BlockJUnit4ClassRunner.runChild(BlockJUnit4ClassRunner.java:103)
	at org.junit.runners.BlockJUnit4ClassRunner.runChild(BlockJUnit4ClassRunner.java:63)
	at org.junit.runners.ParentRunner$4.run(ParentRunner.java:331)
	at org.junit.runners.ParentRunner$1.schedule(ParentRunner.java:79)
	at org.junit.runners.ParentRunner.runChildren(ParentRunner.java:329)
	at org.junit.runners.ParentRunner.access$100(ParentRunner.java:66)
	at org.junit.runners.ParentRunner$2.evaluate(ParentRunner.java:293)
	at org.junit.runners.ParentRunner$3.evaluate(ParentRunner.java:306)
	at org.junit.runners.ParentRunner.run(ParentRunner.java:413)
	at org.gradle.api.internal.tasks.testing.junit.JUnitTestClassExecutor.runTestClass(JUnitTestClassExecutor.java:110)
	at org.gradle.api.internal.tasks.testing.junit.JUnitTestClassExecutor.execute(JUnitTestClassExecutor.java:58)
	at org.gradle.api.internal.tasks.testing.junit.JUnitTestClassExecutor.execute(JUnitTestClassExecutor.java:38)
	at org.gradle.api.internal.tasks.testing.junit.AbstractJUnitTestClassProcessor.processTestClass(AbstractJUnitTestClassProcessor.java:62)
	at org.gradle.api.internal.tasks.testing.SuiteTestClassProcessor.processTestClass(SuiteTestClassProcessor.java:51)
	at java.base/jdk.internal.reflect.NativeMethodAccessorImpl.invoke0(Native Method)
	at java.base/jdk.internal.reflect.NativeMethodAccessorImpl.invoke(NativeMethodAccessorImpl.java:77)
	at java.base/jdk.internal.reflect.DelegatingMethodAccessorImpl.invoke(DelegatingMethodAccessorImpl.java:43)
	at java.base/java.lang.reflect.Method.invoke(Method.java:568)
	at org.gradle.internal.dispatch.ReflectionDispatch.dispatch(ReflectionDispatch.java:36)
	at org.gradle.internal.dispatch.ReflectionDispatch.dispatch(ReflectionDispatch.java:24)
	at org.gradle.internal.dispatch.ContextClassLoaderDispatch.dispatch(ContextClassLoaderDispatch.java:33)
	at org.gradle.internal.dispatch.ProxyDispatchAdapter$DispatchingInvocationHandler.invoke(ProxyDispatchAdapter.java:94)
	at jdk.proxy1/jdk.proxy1.$Proxy2.processTestClass(Unknown Source)
	at org.gradle.api.internal.tasks.testing.worker.TestWorker$2.run(TestWorker.java:176)
	at org.gradle.api.internal.tasks.testing.worker.TestWorker.executeAndMaintainThreadName(TestWorker.java:129)
	at org.gradle.api.internal.tasks.testing.worker.TestWorker.execute(TestWorker.java:100)
	at org.gradle.api.internal.tasks.testing.worker.TestWorker.execute(TestWorker.java:60)
	at org.gradle.process.internal.worker.child.ActionExecutionWorker.execute(ActionExecutionWorker.java:56)
	at org.gradle.process.internal.worker.child.SystemApplicationClassLoaderWorker.call(SystemApplicationClassLoaderWorker.java:133)
	at org.gradle.process.internal.worker.child.SystemApplicationClassLoaderWorker.call(SystemApplicationClassLoaderWorker.java:71)
	at worker.org.gradle.process.internal.worker.GradleWorkerMain.run(GradleWorkerMain.java:69)
	at worker.org.gradle.process.internal.worker.GradleWorkerMain.main(GradleWorkerMain.java:74)
</failure>
  </testcase>
  <system-out><![CDATA[?[1;31m
Start test 1?[0m

  .   ____          _            __ _ _
 /\\ / ___'_ __ _ _(_)_ __  __ _ \ \ \ \
( ( )\___ | '_ | '_| | '_ \/ _` | \ \ \ \
 \\/  ___)| |_)| | | | | || (_| |  ) ) ) )
  '  |____| .__|_| |_|_| |_\__, | / / / /
 =========|_|==============|___/=/_/_/_/
 :: Spring Boot ::        (v2.3.1.RELEASE)

2022-01-30 14:58:12.192  INFO 36768 --- [    Test worker] recipes.RecipesApplication               : Starting RecipesApplication on matreshki-pc with PID 36768 (started by Professional in C:\Recipes\Recipes\task)
2022-01-30 14:58:12.195  INFO 36768 --- [    Test worker] recipes.RecipesApplication               : No active profile set, falling back to default profiles: default
2022-01-30 14:58:12.971  INFO 36768 --- [    Test worker] .s.d.r.c.RepositoryConfigurationDelegate : Bootstrapping Spring Data JPA repositories in DEFERRED mode.
2022-01-30 14:58:13.015  INFO 36768 --- [    Test worker] .s.d.r.c.RepositoryConfigurationDelegate : Finished Spring Data repository scanning in 38ms. Found 2 JPA repository interfaces.
2022-01-30 14:58:13.493  INFO 36768 --- [    Test worker] o.s.b.w.embedded.tomcat.TomcatWebServer  : Tomcat initialized with port(s): 8881 (http)
2022-01-30 14:58:13.502  INFO 36768 --- [    Test worker] o.apache.catalina.core.StandardService   : Starting service [Tomcat]
2022-01-30 14:58:13.502  INFO 36768 --- [    Test worker] org.apache.catalina.core.StandardEngine  : Starting Servlet engine: [Apache Tomcat/9.0.36]
2022-01-30 14:58:13.598  INFO 36768 --- [    Test worker] o.a.c.c.C.[Tomcat].[localhost].[/]       : Initializing Spring embedded WebApplicationContext
2022-01-30 14:58:13.598  INFO 36768 --- [    Test worker] w.s.c.ServletWebServerApplicationContext : Root WebApplicationContext: initialization completed in 1370 ms
2022-01-30 14:58:13.700  INFO 36768 --- [    Test worker] com.zaxxer.hikari.HikariDataSource       : HikariPool-1 - Starting...
2022-01-30 14:58:13.851  INFO 36768 --- [    Test worker] com.zaxxer.hikari.HikariDataSource       : HikariPool-1 - Start completed.
2022-01-30 14:58:13.856  INFO 36768 --- [    Test worker] o.s.b.a.h2.H2ConsoleAutoConfiguration    : H2 console available at '/h2'. Database available at 'jdbc:h2:file:../recipes_db'
2022-01-30 14:58:13.964  INFO 36768 --- [    Test worker] o.s.s.concurrent.ThreadPoolTaskExecutor  : Initializing ExecutorService 'applicationTaskExecutor'
2022-01-30 14:58:13.998  INFO 36768 --- [         task-1] o.hibernate.jpa.internal.util.LogHelper  : HHH000204: Processing PersistenceUnitInfo [name: default]
2022-01-30 14:58:14.032  WARN 36768 --- [    Test worker] JpaBaseConfiguration$JpaWebConfiguration : spring.jpa.open-in-view is enabled by default. Therefore, database queries may be performed during view rendering. Explicitly configure spring.jpa.open-in-view to disable this warning
2022-01-30 14:58:14.046  INFO 36768 --- [         task-1] org.hibernate.Version                    : HHH000412: Hibernate ORM core version 5.4.17.Final
2022-01-30 14:58:14.184  INFO 36768 --- [         task-1] o.hibernate.annotations.common.Version   : HCANN000001: Hibernate Commons Annotations {5.1.0.Final}
2022-01-30 14:58:14.279  INFO 36768 --- [         task-1] org.hibernate.dialect.Dialect            : HHH000400: Using dialect: org.hibernate.dialect.H2Dialect
2022-01-30 14:58:14.400  INFO 36768 --- [    Test worker] o.s.b.a.e.web.EndpointLinksResolver      : Exposing 14 endpoint(s) beneath base path '/actuator'
2022-01-30 14:58:14.436  INFO 36768 --- [    Test worker] o.s.s.web.DefaultSecurityFilterChain     : Creating filter chain: any request, [org.springframework.security.web.context.request.async.WebAsyncManagerIntegrationFilter@48af5f38, org.springframework.security.web.context.SecurityContextPersistenceFilter@a047bdb, org.springframework.security.web.header.HeaderWriterFilter@19647566, org.springframework.security.web.authentication.logout.LogoutFilter@3cf8a235, org.springframework.security.web.savedrequest.RequestCacheAwareFilter@7856f41a, org.springframework.security.web.servletapi.SecurityContextHolderAwareRequestFilter@1b8d20e6, org.springframework.security.web.authentication.AnonymousAuthenticationFilter@40538370, org.springframework.security.web.session.SessionManagementFilter@71b3ba5a, org.springframework.security.web.access.ExceptionTranslationFilter@2e40fdbd, org.springframework.security.web.access.intercept.FilterSecurityInterceptor@22cd8ec2]
2022-01-30 14:58:14.444  INFO 36768 --- [         task-1] o.hibernate.id.enhanced.TableGenerator   : HHH000398: Explicit segment value for id generator [hibernate_sequences.sequence_name] suggested; using default [default]
2022-01-30 14:58:14.449  INFO 36768 --- [         task-1] o.hibernate.id.enhanced.TableGenerator   : HHH000398: Explicit segment value for id generator [hibernate_sequences.sequence_name] suggested; using default [default]
Hibernate: create table hibernate_sequences (sequence_name varchar(255) not null, next_val bigint, primary key (sequence_name))
Hibernate: insert into hibernate_sequences(sequence_name, next_val) values ('default',0)
Hibernate: insert into hibernate_sequences(sequence_name, next_val) values ('default',0)
2022-01-30 14:58:14.902  WARN 36768 --- [         task-1] o.h.t.s.i.ExceptionHandlerLoggedImpl     : GenerationTarget encountered exception accepting command : Error executing DDL "insert into hibernate_sequences(sequence_name, next_val) values ('default',0)" via JDBC Statement

org.hibernate.tool.schema.spi.CommandAcceptanceException: Error executing DDL "insert into hibernate_sequences(sequence_name, next_val) values ('default',0)" via JDBC Statement
	at org.hibernate.tool.schema.internal.exec.GenerationTargetToDatabase.accept(GenerationTargetToDatabase.java:67) ~[hibernate-core-5.4.17.Final.jar:5.4.17.Final]
	at org.hibernate.tool.schema.internal.AbstractSchemaMigrator.applySqlString(AbstractSchemaMigrator.java:559) ~[hibernate-core-5.4.17.Final.jar:5.4.17.Final]
	at org.hibernate.tool.schema.internal.AbstractSchemaMigrator.applySqlStrings(AbstractSchemaMigrator.java:504) ~[hibernate-core-5.4.17.Final.jar:5.4.17.Final]
	at org.hibernate.tool.schema.internal.AbstractSchemaMigrator.createTable(AbstractSchemaMigrator.java:277) ~[hibernate-core-5.4.17.Final.jar:5.4.17.Final]
	at org.hibernate.tool.schema.internal.GroupedSchemaMigratorImpl.performTablesMigration(GroupedSchemaMigratorImpl.java:71) ~[hibernate-core-5.4.17.Final.jar:5.4.17.Final]
	at org.hibernate.tool.schema.internal.AbstractSchemaMigrator.performMigration(AbstractSchemaMigrator.java:207) ~[hibernate-core-5.4.17.Final.jar:5.4.17.Final]
	at org.hibernate.tool.schema.internal.AbstractSchemaMigrator.doMigration(AbstractSchemaMigrator.java:114) ~[hibernate-core-5.4.17.Final.jar:5.4.17.Final]
	at org.hibernate.tool.schema.spi.SchemaManagementToolCoordinator.performDatabaseAction(SchemaManagementToolCoordinator.java:184) ~[hibernate-core-5.4.17.Final.jar:5.4.17.Final]
	at org.hibernate.tool.schema.spi.SchemaManagementToolCoordinator.process(SchemaManagementToolCoordinator.java:73) ~[hibernate-core-5.4.17.Final.jar:5.4.17.Final]
	at org.hibernate.internal.SessionFactoryImpl.<init>(SessionFactoryImpl.java:316) ~[hibernate-core-5.4.17.Final.jar:5.4.17.Final]
	at org.hibernate.boot.internal.SessionFactoryBuilderImpl.build(SessionFactoryBuilderImpl.java:469) ~[hibernate-core-5.4.17.Final.jar:5.4.17.Final]
	at org.hibernate.jpa.boot.internal.EntityManagerFactoryBuilderImpl.build(EntityManagerFactoryBuilderImpl.java:1259) ~[hibernate-core-5.4.17.Final.jar:5.4.17.Final]
	at org.springframework.orm.jpa.vendor.SpringHibernateJpaPersistenceProvider.createContainerEntityManagerFactory(SpringHibernateJpaPersistenceProvider.java:58) ~[spring-orm-5.2.7.RELEASE.jar:5.2.7.RELEASE]
	at org.springframework.orm.jpa.LocalContainerEntityManagerFactoryBean.createNativeEntityManagerFactory(LocalContainerEntityManagerFactoryBean.java:365) ~[spring-orm-5.2.7.RELEASE.jar:5.2.7.RELEASE]
	at org.springframework.orm.jpa.AbstractEntityManagerFactoryBean.buildNativeEntityManagerFactory(AbstractEntityManagerFactoryBean.java:391) ~[spring-orm-5.2.7.RELEASE.jar:5.2.7.RELEASE]
	at java.base/java.util.concurrent.FutureTask.run(FutureTask.java:264) ~[na:na]
	at java.base/java.util.concurrent.ThreadPoolExecutor.runWorker(ThreadPoolExecutor.java:1136) ~[na:na]
	at java.base/java.util.concurrent.ThreadPoolExecutor$Worker.run(ThreadPoolExecutor.java:635) ~[na:na]
	at java.base/java.lang.Thread.run(Thread.java:833) ~[na:na]
Caused by: org.h2.jdbc.JdbcSQLIntegrityConstraintViolationException: Unique index or primary key violation: "PUBLIC.PRIMARY_KEY_5 ON PUBLIC.HIBERNATE_SEQUENCES(SEQUENCE_NAME) VALUES 1"; SQL statement:
insert into hibernate_sequences(sequence_name, next_val) values ('default',0) [23505-200]
	at org.h2.message.DbException.getJdbcSQLException(DbException.java:459) ~[h2-1.4.200.jar:1.4.200]
	at org.h2.message.DbException.getJdbcSQLException(DbException.java:429) ~[h2-1.4.200.jar:1.4.200]
	at org.h2.message.DbException.get(DbException.java:205) ~[h2-1.4.200.jar:1.4.200]
	at org.h2.message.DbException.get(DbException.java:181) ~[h2-1.4.200.jar:1.4.200]
	at org.h2.index.BaseIndex.getDuplicateKeyException(BaseIndex.java:103) ~[h2-1.4.200.jar:1.4.200]
	at org.h2.mvstore.db.MVSecondaryIndex.checkUnique(MVSecondaryIndex.java:221) ~[h2-1.4.200.jar:1.4.200]
	at org.h2.mvstore.db.MVSecondaryIndex.add(MVSecondaryIndex.java:196) ~[h2-1.4.200.jar:1.4.200]
	at org.h2.mvstore.db.MVTable.addRow(MVTable.java:531) ~[h2-1.4.200.jar:1.4.200]
	at org.h2.command.dml.Insert.insertRows(Insert.java:195) ~[h2-1.4.200.jar:1.4.200]
	at org.h2.command.dml.Insert.update(Insert.java:151) ~[h2-1.4.200.jar:1.4.200]
	at org.h2.command.CommandContainer.update(CommandContainer.java:198) ~[h2-1.4.200.jar:1.4.200]
	at org.h2.command.Command.executeUpdate(Command.java:251) ~[h2-1.4.200.jar:1.4.200]
	at org.h2.jdbc.JdbcStatement.executeInternal(JdbcStatement.java:228) ~[h2-1.4.200.jar:1.4.200]
	at org.h2.jdbc.JdbcStatement.execute(JdbcStatement.java:201) ~[h2-1.4.200.jar:1.4.200]
	at com.zaxxer.hikari.pool.ProxyStatement.execute(ProxyStatement.java:95) ~[HikariCP-3.4.5.jar:na]
	at com.zaxxer.hikari.pool.HikariProxyStatement.execute(HikariProxyStatement.java) ~[HikariCP-3.4.5.jar:na]
	at org.hibernate.tool.schema.internal.exec.GenerationTargetToDatabase.accept(GenerationTargetToDatabase.java:54) ~[hibernate-core-5.4.17.Final.jar:5.4.17.Final]
	... 18 common frames omitted

Hibernate: create table recipes (id bigint not null, category varchar(255), date timestamp, description varchar(255), name varchar(255), primary key (id))
Hibernate: create table recipes_directions (recipes_id bigint not null, directions varchar(255))
Hibernate: create table recipes_ingredients (recipes_id bigint not null, ingredients varchar(255))
Hibernate: create table users (id bigint not null, email varchar(255), password varchar(255), primary key (id))
Hibernate: alter table recipes_directions add constraint FKa2vnsdcd8l9shvhstelbkcawl foreign key (recipes_id) references recipes
Hibernate: alter table recipes_ingredients add constraint FK7nlvtcyl7qjws7gh3h6xbruwi foreign key (recipes_id) references recipes
2022-01-30 14:58:14.911  INFO 36768 --- [         task-1] o.h.e.t.j.p.i.JtaPlatformInitiator       : HHH000490: Using JtaPlatform implementation: [org.hibernate.engine.transaction.jta.platform.internal.NoJtaPlatform]
2022-01-30 14:58:14.918  INFO 36768 --- [         task-1] j.LocalContainerEntityManagerFactoryBean : Initialized JPA EntityManagerFactory for persistence unit 'default'
2022-01-30 14:58:14.975  WARN 36768 --- [    Test worker] ConfigServletWebServerApplicationContext : Exception encountered during context initialization - cancelling refresh attempt: org.springframework.context.ApplicationContextException: Failed to start bean 'webServerStartStop'; nested exception is org.springframework.boot.web.server.PortInUseException: Port 8881 is already in use
2022-01-30 14:58:14.976  WARN 36768 --- [    Test worker] o.s.b.f.support.DisposableBeanAdapter    : Invocation of destroy method failed on bean with name 'tomcatMetricsBinder': java.lang.NullPointerException: Cannot invoke "io.micrometer.core.instrument.binder.tomcat.TomcatMetrics.close()" because "this.tomcatMetrics" is null
2022-01-30 14:58:14.977  INFO 36768 --- [    Test worker] j.LocalContainerEntityManagerFactoryBean : Closing JPA EntityManagerFactory for persistence unit 'default'
2022-01-30 14:58:14.979  INFO 36768 --- [    Test worker] o.s.s.concurrent.ThreadPoolTaskExecutor  : Shutting down ExecutorService 'applicationTaskExecutor'
2022-01-30 14:58:14.980  INFO 36768 --- [    Test worker] com.zaxxer.hikari.HikariDataSource       : HikariPool-1 - Shutdown initiated...
2022-01-30 14:58:14.992  INFO 36768 --- [    Test worker] com.zaxxer.hikari.HikariDataSource       : HikariPool-1 - Shutdown completed.
2022-01-30 14:58:14.994  INFO 36768 --- [    Test worker] o.apache.catalina.core.StandardService   : Stopping service [Tomcat]
2022-01-30 14:58:15.009  INFO 36768 --- [    Test worker] ConditionEvaluationReportLoggingListener : 

Error starting ApplicationContext. To display the conditions report re-run your application with 'debug' enabled.
2022-01-30 14:58:15.011 ERROR 36768 --- [    Test worker] o.s.b.d.LoggingFailureAnalysisReporter   : 

***************************
APPLICATION FAILED TO START
***************************

Description:

Web server failed to start. Port 8881 was already in use.

Action:

Identify and stop the process that's listening on port 8881 or configure this application to listen on another port.

]]></system-out>
  <system-err><![CDATA[]]></system-err>
</testsuite>
